<?xml version="1.0" encoding="UTF-8"?>
<testng-results ignored="0" total="5" passed="3" failed="2" skipped="0">
  <reporter-output>
  </reporter-output>
  <suite started-at="2023-12-03T21:34:34 IST" name="Default suite" finished-at="2023-12-03T21:36:31 IST" duration-ms="117027">
    <groups>
      <group name="cucumber">
        <method signature="AbstractTestNGCucumberTests.runScenario(io.cucumber.testng.PickleWrapper,io.cucumber.testng.FeatureWrapper)[pri:0, instance:Testrunner.Testngtestrunner@3eb25e1a]" name="runScenario" class="io.cucumber.testng.AbstractTestNGCucumberTests"/>
      </group> <!-- cucumber -->
    </groups>
    <test started-at="2023-12-03T21:34:34 IST" name="Default test" finished-at="2023-12-03T21:36:31 IST" duration-ms="117027">
      <class name="Testrunner.Testngtestrunner">
        <test-method is-config="true" signature="setUpClass(org.testng.ITestContext)[pri:0, instance:Testrunner.Testngtestrunner@3eb25e1a]" started-at="2023-12-03T21:34:34 IST" name="setUpClass" finished-at="2023-12-03T21:34:35 IST" duration-ms="1681" status="PASS">
          <params>
            <param index="0">
              <value>
                <![CDATA[org.testng.TestRunner@66e8997c]]>
              </value>
            </param>
          </params>
          <reporter-output>
          </reporter-output>
        </test-method> <!-- setUpClass -->
        <test-method signature="runScenario(io.cucumber.testng.PickleWrapper,io.cucumber.testng.FeatureWrapper)[pri:0, instance:Testrunner.Testngtestrunner@3eb25e1a]" started-at="2023-12-03T21:34:36 IST" name="runScenario" description="Runs Cucumber Scenarios" data-provider="scenarios" finished-at="2023-12-03T21:36:28 IST" duration-ms="112726" status="PASS">
          <params>
            <param index="0">
              <value>
                <![CDATA["search product in shortname place the order compare name with checkout page"]]>
              </value>
            </param>
            <param index="1">
              <value>
                <![CDATA["place order"]]>
              </value>
            </param>
          </params>
          <reporter-output>
          </reporter-output>
        </test-method> <!-- runScenario -->
        <test-method signature="runScenario(io.cucumber.testng.PickleWrapper,io.cucumber.testng.FeatureWrapper)[pri:0, instance:Testrunner.Testngtestrunner@3eb25e1a]" started-at="2023-12-03T21:34:36 IST" name="runScenario" description="Runs Cucumber Scenarios" data-provider="scenarios" finished-at="2023-12-03T21:36:28 IST" duration-ms="112338" status="PASS">
          <params>
            <param index="0">
              <value>
                <![CDATA["Search experience for the product search in home page and offer page"]]>
              </value>
            </param>
            <param index="1">
              <value>
                <![CDATA["search and place the order for product"]]>
              </value>
            </param>
          </params>
          <reporter-output>
          </reporter-output>
        </test-method> <!-- runScenario -->
        <test-method signature="runScenario(io.cucumber.testng.PickleWrapper,io.cucumber.testng.FeatureWrapper)[pri:0, instance:Testrunner.Testngtestrunner@3eb25e1a]" started-at="2023-12-03T21:34:36 IST" name="runScenario" description="Runs Cucumber Scenarios" data-provider="scenarios" finished-at="2023-12-03T21:36:27 IST" duration-ms="111151" status="FAIL">
          <params>
            <param index="0">
              <value>
                <![CDATA["Search experience for the product search in home page and offer page"]]>
              </value>
            </param>
            <param index="1">
              <value>
                <![CDATA["search and place the order for product"]]>
              </value>
            </param>
          </params>
          <exception class="java.lang.AssertionError">
            <message>
              <![CDATA[expected [No data] but found [Cucumber]]]>
            </message>
            <full-stacktrace>
              <![CDATA[java.lang.AssertionError: expected [No data] but found [Cucumber]
at org.testng.Assert.fail(Assert.java:111)
at org.testng.Assert.failNotEquals(Assert.java:1578)
at org.testng.Assert.assertEqualsImpl(Assert.java:150)
at org.testng.Assert.assertEquals(Assert.java:132)
at org.testng.Assert.assertEquals(Assert.java:656)
at org.testng.Assert.assertEquals(Assert.java:666)
at Stepdefintion.OfferpageStepdefintion.validate_productname_in_offer_page_matches_with_landing_page(OfferpageStepdefintion.java:59)
at ✽.Validate productname in offer page matches with landing page(file:///C:/Users/user/GitDemo/src/test/java/featurefile/searchproduct.feature:8)
]]>
            </full-stacktrace>
          </exception> <!-- java.lang.AssertionError -->
          <reporter-output>
          </reporter-output>
        </test-method> <!-- runScenario -->
        <test-method signature="runScenario(io.cucumber.testng.PickleWrapper,io.cucumber.testng.FeatureWrapper)[pri:0, instance:Testrunner.Testngtestrunner@3eb25e1a]" started-at="2023-12-03T21:34:36 IST" name="runScenario" description="Runs Cucumber Scenarios" data-provider="scenarios" finished-at="2023-12-03T21:36:27 IST" duration-ms="111456" status="PASS">
          <params>
            <param index="0">
              <value>
                <![CDATA["Search experience for the product search in home page and offer page"]]>
              </value>
            </param>
            <param index="1">
              <value>
                <![CDATA["search and place the order for product"]]>
              </value>
            </param>
          </params>
          <reporter-output>
          </reporter-output>
        </test-method> <!-- runScenario -->
        <test-method signature="runScenario(io.cucumber.testng.PickleWrapper,io.cucumber.testng.FeatureWrapper)[pri:0, instance:Testrunner.Testngtestrunner@3eb25e1a]" started-at="2023-12-03T21:34:36 IST" name="runScenario" description="Runs Cucumber Scenarios" data-provider="scenarios" finished-at="2023-12-03T21:36:27 IST" duration-ms="111150" status="FAIL">
          <params>
            <param index="0">
              <value>
                <![CDATA["Search experience for the product search in home page and offer page"]]>
              </value>
            </param>
            <param index="1">
              <value>
                <![CDATA["search and place the order for product"]]>
              </value>
            </param>
          </params>
          <exception class="java.lang.AssertionError">
            <message>
              <![CDATA[expected [No data] but found [Beetroot]]]>
            </message>
            <full-stacktrace>
              <![CDATA[java.lang.AssertionError: expected [No data] but found [Beetroot]
at org.testng.Assert.fail(Assert.java:111)
at org.testng.Assert.failNotEquals(Assert.java:1578)
at org.testng.Assert.assertEqualsImpl(Assert.java:150)
at org.testng.Assert.assertEquals(Assert.java:132)
at org.testng.Assert.assertEquals(Assert.java:656)
at org.testng.Assert.assertEquals(Assert.java:666)
at Stepdefintion.OfferpageStepdefintion.validate_productname_in_offer_page_matches_with_landing_page(OfferpageStepdefintion.java:59)
at ✽.Validate productname in offer page matches with landing page(file:///C:/Users/user/GitDemo/src/test/java/featurefile/searchproduct.feature:8)
]]>
            </full-stacktrace>
          </exception> <!-- java.lang.AssertionError -->
          <reporter-output>
          </reporter-output>
        </test-method> <!-- runScenario -->
        <test-method is-config="true" signature="tearDownClass()[pri:0, instance:Testrunner.Testngtestrunner@3eb25e1a]" started-at="2023-12-03T21:36:28 IST" name="tearDownClass" finished-at="2023-12-03T21:36:31 IST" duration-ms="2495" status="PASS">
          <reporter-output>
          </reporter-output>
        </test-method> <!-- tearDownClass -->
      </class> <!-- Testrunner.Testngtestrunner -->
    </test> <!-- Default test -->
  </suite> <!-- Default suite -->
</testng-results>
